info@dynamicelecusa.com
electricalworksofhouston@gmail.com
info@innovativeskylights.com
hello@jccroofing.com
info@amstillroofing.com
info@monarch-roofing.com
ryan@platinumconstructiontx.com
info@manuelandsons.com
info@rosenberghvac.com
info@airauthorityllc.com
info@comfort-air.com
info@acdoctorstx.com
service@bluelineac.net
info@reliantplumbing.com
m-home-banner@2x.webp
info@1stcallplumbingandac.com
peter@smithandsonstx.com
info@beyerplumbing.com
info@callroadrunnerplumbing.com
info@absolute-pwr.com
office@wired-generations.com
info@4aelectricalservices.com
info@presidioroof.com
info@texasfamilyroofing.com
